checking for -Werror=unknown-warning-option... no
Failed commandline was:
--------------------------------------------------
gcc conftest.c  -Wall -I. -I$(SRCPATH) -D_POSIX_C_SOURCE=200112L  -Werror=unknown-warning-option   -Wl,--output-def=libx264.def -static-libgcc -o conftest
cc1.exe: error: -Werror=unknown-warning-option: no option -Wunknown-warning-option
--------------------------------------------------
Failed program was:
--------------------------------------------------
int main (void) {  return 0; }
--------------------------------------------------
checking for -lshell32... yes
checking for -S... yes
checking for -Wl,--high-entropy-va... yes
checking whether windres works... yes
checking whether !WINAPI_FAMILY_PARTITION(WINAPI_PARTITION_DESKTOP) is true... no
--------------------------------------------------
conftest.c:3:2: error: #error 
 #error  
  ^
--------------------------------------------------
Failed program was:
--------------------------------------------------
#include <winapifamily.h>
#if !(!WINAPI_FAMILY_PARTITION(WINAPI_PARTITION_DESKTOP)) 
#error  
#endif 
--------------------------------------------------
x264 configure script
Command line options: "--host=x86_64-w64-mingw32" "--disable-asm" "--enable-shared" "--extra-ldflags=-Wl,--output-def=libx264.def" "--extra-ldflags=-static-libgcc"

checking whether gcc works... yes
checking whether gcc supports for( int i = 0; i < 9; i++ ); with -std=gnu99... yes
checking for -mpreferred-stack-boundary=6... no
Failed commandline was:
--------------------------------------------------
gcc conftest.c -m64  -Wall -I. -I$(SRCPATH) -D_POSIX_C_SOURCE=200112L -std=gnu99 -D_GNU_SOURCE  -mpreferred-stack-boundary=6  -lshell32 -Wl,--image-base,0x140000000 -m64  -Wl,--output-def=libx264.def -static-libgcc  -Wl,--high-entropy-va -Wl,--dynamicbase,--nxcompat,--tsaware -o conftest
conftest.c:1:0: error: -mpreferred-stack-boundary is not supported for this target
 int main (void) {  return 0; }
 ^
--------------------------------------------------
Failed program was:
--------------------------------------------------
int main (void) {  return 0; }
--------------------------------------------------
checking for -mpreferred-stack-boundary=5... no
Failed commandline was:
--------------------------------------------------
gcc conftest.c -m64  -Wall -I. -I$(SRCPATH) -D_POSIX_C_SOURCE=200112L -std=gnu99 -D_GNU_SOURCE  -mpreferred-stack-boundary=5  -lshell32 -Wl,--image-base,0x140000000 -m64  -Wl,--output-def=libx264.def -static-libgcc  -Wl,--high-entropy-va -Wl,--dynamicbase,--nxcompat,--tsaware -o conftest
conftest.c:1:0: error: -mpreferred-stack-boundary is not supported for this target
 int main (void) {  return 0; }
 ^
--------------------------------------------------
Failed program was:
--------------------------------------------------
int main (void) {  return 0; }
--------------------------------------------------
checking for return log2f(2); in math.h... yes
checking for sws_init_context(0,0,0); in libswscale/swscale.h... no
Failed commandline was:
--------------------------------------------------
gcc conftest.c -m64  -Wall -I. -I$(SRCPATH) -D_POSIX_C_SOURCE=200112L -std=gnu99 -D_GNU_SOURCE   -lswscale -lavutil  -lshell32 -Wl,--image-base,0x140000000 -m64  -Wl,--output-def=libx264.def -static-libgcc  -Wl,--high-entropy-va -Wl,--dynamicbase,--nxcompat,--tsaware -o conftest
conftest.c:1:32: fatal error: libswscale/swscale.h: No such file or directory
compilation terminated.
--------------------------------------------------
Failed program was:
--------------------------------------------------
#include <libswscale/swscale.h>
int main (void) { sws_init_context(0,0,0); return 0; }
--------------------------------------------------
checking for -lpostproc... no
Failed commandline was:
--------------------------------------------------
gcc conftest.c -m64  -Wall -I. -I$(SRCPATH) -D_POSIX_C_SOURCE=200112L -std=gnu99 -D_GNU_SOURCE  -lpostproc  -lshell32 -Wl,--image-base,0x140000000 -m64  -Wl,--output-def=libx264.def -static-libgcc  -Wl,--high-entropy-va -Wl,--dynamicbase,--nxcompat,--tsaware -o conftest
c:/MinGW64/mingw64/bin/../lib/gcc/x86_64-w64-mingw32/5.1.0/../../../../x86_64-w64-mingw32/bin/ld.exe: cannot find -lpostproc
collect2.exe: error: ld returned 1 exit status
--------------------------------------------------
Failed program was:
--------------------------------------------------
int main (void) {  return 0; }
--------------------------------------------------
checking for -lavcodec... no
Failed commandline was:
--------------------------------------------------
gcc conftest.c -m64  -Wall -I. -I$(SRCPATH) -D_POSIX_C_SOURCE=200112L -std=gnu99 -D_GNU_SOURCE  -lavcodec  -lshell32 -Wl,--image-base,0x140000000 -m64  -Wl,--output-def=libx264.def -static-libgcc  -Wl,--high-entropy-va -Wl,--dynamicbase,--nxcompat,--tsaware -o conftest
c:/MinGW64/mingw64/bin/../lib/gcc/x86_64-w64-mingw32/5.1.0/../../../../x86_64-w64-mingw32/bin/ld.exe: cannot find -lavcodec
collect2.exe: error: ld returned 1 exit status
--------------------------------------------------
Failed program was:
--------------------------------------------------
int main (void) {  return 0; }
--------------------------------------------------
checking for -lswscale... no
Failed commandline was:
--------------------------------------------------
gcc conftest.c -m64  -Wall -I. -I$(SRCPATH) -D_POSIX_C_SOURCE=200112L -std=gnu99 -D_GNU_SOURCE  -lswscale  -lshell32 -Wl,--image-base,0x140000000 -m64  -Wl,--output-def=libx264.def -static-libgcc  -Wl,--high-entropy-va -Wl,--dynamicbase,--nxcompat,--tsaware -o conftest
c:/MinGW64/mingw64/bin/../lib/gcc/x86_64-w64-mingw32/5.1.0/../../../../x86_64-w64-mingw32/bin/ld.exe: cannot find -lswscale
collect2.exe: error: ld returned 1 exit status
--------------------------------------------------
Failed program was:
--------------------------------------------------
int main (void) {  return 0; }
--------------------------------------------------
checking for -lavutil... no
Failed commandline was:
--------------------------------------------------
gcc conftest.c -m64  -Wall -I. -I$(SRCPATH) -D_POSIX_C_SOURCE=200112L -std=gnu99 -D_GNU_SOURCE  -lavutil  -lshell32 -Wl,--image-base,0x140000000 -m64  -Wl,--output-def=libx264.def -static-libgcc  -Wl,--high-entropy-va -Wl,--dynamicbase,--nxcompat,--tsaware -o conftest
c:/MinGW64/mingw64/bin/../lib/gcc/x86_64-w64-mingw32/5.1.0/../../../../x86_64-w64-mingw32/bin/ld.exe: cannot find -lavutil
collect2.exe: error: ld returned 1 exit status
--------------------------------------------------
Failed program was:
--------------------------------------------------
int main (void) {  return 0; }
--------------------------------------------------
checking for -lm... yes
checking for -lz... yes
checking for -lbz2... no
Failed commandline was:
--------------------------------------------------
gcc conftest.c -m64  -Wall -I. -I$(SRCPATH) -D_POSIX_C_SOURCE=200112L -std=gnu99 -D_GNU_SOURCE  -lbz2  -lshell32 -Wl,--image-base,0x140000000 -m64  -Wl,--output-def=libx264.def -static-libgcc  -Wl,--high-entropy-va -Wl,--dynamicbase,--nxcompat,--tsaware -o conftest
c:/MinGW64/mingw64/bin/../lib/gcc/x86_64-w64-mingw32/5.1.0/../../../../x86_64-w64-mingw32/bin/ld.exe: cannot find -lbz2
collect2.exe: error: ld returned 1 exit status
--------------------------------------------------
Failed program was:
--------------------------------------------------
int main (void) {  return 0; }
--------------------------------------------------
checking for -lavifil32... yes
checking for -lws2_32... yes
checking for av_frame_free(0); in libavformat/avformat.h... no
Failed commandline was:
--------------------------------------------------
gcc conftest.c -m64  -Wall -I. -I$(SRCPATH) -D_POSIX_C_SOURCE=200112L -std=gnu99 -D_GNU_SOURCE   -L. -lavformat -lm -lz -lavifil32 -lws2_32  -lshell32 -Wl,--image-base,0x140000000 -m64  -Wl,--output-def=libx264.def -static-libgcc  -Wl,--high-entropy-va -Wl,--dynamicbase,--nxcompat,--tsaware -o conftest
conftest.c:1:34: fatal error: libavformat/avformat.h: No such file or directory
compilation terminated.
--------------------------------------------------
Failed program was:
--------------------------------------------------
#include <libavformat/avformat.h>
int main (void) { av_frame_free(0); return 0; }
--------------------------------------------------
checking for FFMS_DestroyVideoSource(0); in ffms.h... no
Failed commandline was:
--------------------------------------------------
gcc conftest.c -m64  -Wall -I. -I$(SRCPATH) -D_POSIX_C_SOURCE=200112L -std=gnu99 -D_GNU_SOURCE   -lffms2  -lshell32 -Wl,--image-base,0x140000000 -m64  -Wl,--output-def=libx264.def -static-libgcc  -Wl,--high-entropy-va -Wl,--dynamicbase,--nxcompat,--tsaware -o conftest
conftest.c:1:18: fatal error: ffms.h: No such file or directory
compilation terminated.
--------------------------------------------------
Failed program was:
--------------------------------------------------
#include <ffms.h>
int main (void) { FFMS_DestroyVideoSource(0); return 0; }
--------------------------------------------------
checking for FFMS_DestroyVideoSource(0); in ffms.h... no
Failed commandline was:
--------------------------------------------------
gcc conftest.c -m64  -Wall -I. -I$(SRCPATH) -D_POSIX_C_SOURCE=200112L -std=gnu99 -D_GNU_SOURCE   -lffms2 -lstdc++ -L. -lavformat -lm -lz -lavifil32 -lws2_32  -lshell32 -Wl,--image-base,0x140000000 -m64  -Wl,--output-def=libx264.def -static-libgcc  -Wl,--high-entropy-va -Wl,--dynamicbase,--nxcompat,--tsaware -o conftest
conftest.c:1:18: fatal error: ffms.h: No such file or directory
compilation terminated.
--------------------------------------------------
Failed program was:
--------------------------------------------------
#include <ffms.h>
int main (void) { FFMS_DestroyVideoSource(0); return 0; }
--------------------------------------------------
checking for lsmash.h... no
Failed commandline was:
--------------------------------------------------
gcc conftest.c -m64  -Wall -I. -I$(SRCPATH) -D_POSIX_C_SOURCE=200112L -std=gnu99 -D_GNU_SOURCE   -llsmash  -lshell32 -Wl,--image-base,0x140000000 -m64  -Wl,--output-def=libx264.def -static-libgcc  -Wl,--high-entropy-va -Wl,--dynamicbase,--nxcompat,--tsaware -o conftest
conftest.c:1:20: fatal error: lsmash.h: No such file or directory
compilation terminated.
--------------------------------------------------
Failed program was:
--------------------------------------------------
#include <lsmash.h>
int main (void) {  return 0; }
--------------------------------------------------
checking for -lz... yes
checking for -lws2_32... yes
checking for -lwinmm... yes
checking for gpac/isomedia.h... no
Failed commandline was:
--------------------------------------------------
gcc conftest.c -m64  -Wall -I. -I$(SRCPATH) -D_POSIX_C_SOURCE=200112L -std=gnu99 -D_GNU_SOURCE  -lgpac_static -lz -lws2_32 -lwinmm  -lshell32 -Wl,--image-base,0x140000000 -m64  -Wl,--output-def=libx264.def -static-libgcc  -Wl,--high-entropy-va -Wl,--dynamicbase,--nxcompat,--tsaware -o conftest
conftest.c:1:27: fatal error: gpac/isomedia.h: No such file or directory
compilation terminated.
--------------------------------------------------
Failed program was:
--------------------------------------------------
#include <gpac/isomedia.h>
int main (void) {  return 0; }
--------------------------------------------------
checking for uint32_t test_vec __attribute__ ((vector_size (16))) = {0,1,2,3}; in stdint.h... yes
checking for stdio.h... yes
checking for -fno-tree-vectorize... yes
checking for fseeko(stdin,0,0); in stdio.h... yes
checking for -Wshadow... yes
checking for -Wmaybe-uninitialized... yes

platform:      X86_64
byte order:    little-endian
system:        WINDOWS
cli:           yes
libx264:       internal
shared:        yes
static:        no
asm:           no
interlaced:    yes
avs:           avisynth
lavf:          no
ffms:          no
mp4:           no
gpl:           yes
thread:        win32
opencl:        yes
filters:       crop select_every 
lto:           no
debug:         no
gprof:         no
strip:         no
PIC:           yes
bit depth:     8
chroma format: all
